<?xml version="1.0" encoding="UTF-8"?>
<!-- Generated by org.testng.reporters.JUnitReportReporter -->
<testsuite hostname="Avinashs-Air.bbrouter" failures="0" tests="1" name="LaunchCromeBrowser" time="5.158" errors="0" timestamp="2023-11-21T18:32:35 IST" skipped="0">
  <testcase classname="LaunchCromeBrowser" name="launchChromeBrowser" time="5.158"/>
  <system-out/>
</testsuite> <!-- LaunchCromeBrowser -->
