<?xml version="1.0" encoding="UTF-8"?>
<!-- Generated by org.testng.reporters.JUnitReportReporter -->
<testsuite hostname="Avinashs-Air.bbrouter" failures="0" tests="1" name="com.selenium.basics.Alerts" time="32.552" errors="0" timestamp="2023-11-24T16:26:06 IST" skipped="0">
  <testcase classname="com.selenium.basics.Alerts" name="alertTest" time="32.552"/>
  <system-out/>
</testsuite> <!-- com.selenium.basics.Alerts -->
