<?xml version="1.0" encoding="UTF-8"?>
<!-- Generated by org.testng.reporters.JUnitReportReporter -->
<testsuite hostname="Avinashs-Air.bbrouter" failures="0" tests="1" name="com.selenium.basics.Links" time="6.168" errors="0" timestamp="2023-11-24T14:39:56 IST" skipped="0">
  <testcase classname="com.selenium.basics.Links" name="links" time="6.168"/>
  <system-out/>
</testsuite> <!-- com.selenium.basics.Links -->
