<?xml version="1.0" encoding="UTF-8"?>
<!-- Generated by org.testng.reporters.JUnitReportReporter -->
<testsuite hostname="Avinashs-Air.bbrouter" failures="0" tests="1" name="com.selenium.basics.WindowHandles" time="16.671" errors="0" timestamp="2023-11-24T12:35:55 IST" skipped="0">
  <testcase classname="com.selenium.basics.WindowHandles" name="windowHandles" time="16.671"/>
  <system-out/>
</testsuite> <!-- com.selenium.basics.WindowHandles -->
